2014-09-18 15:07:23,138 ERROR [main] - org.scala-ide.sdt.core - org.scala-ide.sdt.core - org.scala-ide.sdt.core - 0 - Java Model Exception: Java Model Status [hello$ [in [Working copy] hello.scala [in com.scala.helloworld [in src [in Scala]]]] does not exist]
2014-09-18 15:24:54,974 ERROR [Worker-7] - System.err - SLF4J: Failed to load class "org.slf4j.impl.StaticLoggerBinder".
2014-09-18 15:24:54,976 ERROR [Worker-7] - System.err - SLF4J: Defaulting to no-operation (NOP) logger implementation
2014-09-18 15:24:54,976 ERROR [Worker-7] - System.err - SLF4J: See http://www.slf4j.org/codes.html#StaticLoggerBinder for further details.
2014-09-18 15:37:49,129 ERROR [Worker-2] - System.err - SLF4J: Failed to load class "org.slf4j.impl.StaticLoggerBinder".
2014-09-18 15:37:49,130 ERROR [Worker-2] - System.err - SLF4J: Defaulting to no-operation (NOP) logger implementation
2014-09-18 15:37:49,130 ERROR [Worker-2] - System.err - SLF4J: See http://www.slf4j.org/codes.html#StaticLoggerBinder for further details.
2014-09-18 15:39:31,932  WARN [main] - org.scala-ide.sdt.core - org.scala-ide.sdt.core - org.scala-ide.sdt.core - 0 - ProgramExecutor actor <F:\Coursera\Scala\src\com\scala\helloworld\test.sc> self-healing...
java.lang.NullPointerException
	at org.scalaide.worksheet.runtime.ProgramExecutor$$anonfun$act$1$$anonfun$apply$2.applyOrElse(ProgramExecutor.scala:122)
	at scala.runtime.AbstractPartialFunction.apply(AbstractPartialFunction.scala:36)
	at scala.actors.ReactorTask.run(ReactorTask.scala:31)
	at scala.actors.Reactor$class.resumeReceiver(Reactor.scala:130)
	at org.scalaide.worksheet.runtime.ProgramExecutor.scala$actors$InternalReplyReactor$$super$resumeReceiver(ProgramExecutor.scala:100)
	at scala.actors.InternalReplyReactor$class.resumeReceiver(InternalReplyReactor.scala:60)
	at org.scalaide.worksheet.runtime.ProgramExecutor.resumeReceiver(ProgramExecutor.scala:100)
	at scala.actors.InternalActor$class.searchMailbox(InternalActor.scala:76)
	at org.scalaide.worksheet.runtime.ProgramExecutor.searchMailbox(ProgramExecutor.scala:100)
	at scala.actors.Reactor$$anonfun$startSearch$1$$anonfun$apply$mcV$sp$1.apply$mcV$sp(Reactor.scala:118)
	at scala.actors.Reactor$$anonfun$startSearch$1$$anonfun$apply$mcV$sp$1.apply(Reactor.scala:115)
	at scala.actors.Reactor$$anonfun$startSearch$1$$anonfun$apply$mcV$sp$1.apply(Reactor.scala:115)
	at scala.actors.ReactorTask.run(ReactorTask.scala:33)
	at scala.actors.ReactorTask.compute(ReactorTask.scala:63)
	at scala.concurrent.forkjoin.RecursiveAction.exec(RecursiveAction.java:160)
	at scala.concurrent.forkjoin.ForkJoinTask.doExec(ForkJoinTask.java:260)
	at scala.concurrent.forkjoin.ForkJoinPool$WorkQueue.runTask(ForkJoinPool.java:1339)
	at scala.concurrent.forkjoin.ForkJoinPool.runWorker(ForkJoinPool.java:1979)
	at scala.concurrent.forkjoin.ForkJoinWorkerThread.run(ForkJoinWorkerThread.java:107)
2014-09-18 15:39:33,447  WARN [main] - org.scala-ide.sdt.core - org.scala-ide.sdt.core - org.scala-ide.sdt.core - 0 - ProgramExecutor actor <F:\Coursera\Scala\src\com\scala\helloworld\test.sc> self-healing...
java.lang.NullPointerException
	at org.scalaide.worksheet.runtime.ProgramExecutor$$anonfun$act$1$$anonfun$apply$2.applyOrElse(ProgramExecutor.scala:122)
	at scala.runtime.AbstractPartialFunction.apply(AbstractPartialFunction.scala:36)
	at scala.actors.ReactorTask.run(ReactorTask.scala:31)
	at scala.actors.Reactor$class.resumeReceiver(Reactor.scala:130)
	at org.scalaide.worksheet.runtime.ProgramExecutor.scala$actors$InternalReplyReactor$$super$resumeReceiver(ProgramExecutor.scala:100)
	at scala.actors.InternalReplyReactor$class.resumeReceiver(InternalReplyReactor.scala:60)
	at org.scalaide.worksheet.runtime.ProgramExecutor.resumeReceiver(ProgramExecutor.scala:100)
	at scala.actors.InternalActor$class.searchMailbox(InternalActor.scala:76)
	at org.scalaide.worksheet.runtime.ProgramExecutor.searchMailbox(ProgramExecutor.scala:100)
	at scala.actors.Reactor$$anonfun$startSearch$1$$anonfun$apply$mcV$sp$1.apply$mcV$sp(Reactor.scala:118)
	at scala.actors.Reactor$$anonfun$startSearch$1$$anonfun$apply$mcV$sp$1.apply(Reactor.scala:115)
	at scala.actors.Reactor$$anonfun$startSearch$1$$anonfun$apply$mcV$sp$1.apply(Reactor.scala:115)
	at scala.actors.ReactorTask.run(ReactorTask.scala:33)
	at scala.actors.ReactorTask.compute(ReactorTask.scala:63)
	at scala.concurrent.forkjoin.RecursiveAction.exec(RecursiveAction.java:160)
	at scala.concurrent.forkjoin.ForkJoinTask.doExec(ForkJoinTask.java:260)
	at scala.concurrent.forkjoin.ForkJoinPool$WorkQueue.runTask(ForkJoinPool.java:1339)
	at scala.concurrent.forkjoin.ForkJoinPool.runWorker(ForkJoinPool.java:1979)
	at scala.concurrent.forkjoin.ForkJoinWorkerThread.run(ForkJoinWorkerThread.java:107)
2014-09-18 15:40:32,568 ERROR [main] - org.scala-ide.sdt.core - org.scala-ide.sdt.core - org.scala-ide.sdt.core - 0 - Error during instrumentation of ScriptCompilationUnit(L/Scala/src/com/scala/helloworld/test.sc)
org.scalaide.worksheet.runtime.MissingTopLevelObjectDeclaration: Couldn't find top level object declaration in source test.sc
	at org.scalaide.worksheet.runtime.SourceInstrumenter.instrumentProgram(SourceInstrumenter.scala:33)
	at org.scalaide.worksheet.runtime.SourceInstrumenter.instrument(SourceInstrumenter.scala:20)
	at org.scalaide.worksheet.runtime.WorksheetRunner$$anonfun$act$1$$anonfun$apply$1.applyOrElse(WorksheetRunner.scala:58)
	at scala.runtime.AbstractPartialFunction.apply(AbstractPartialFunction.scala:36)
	at scala.actors.ReactorTask.run(ReactorTask.scala:31)
	at scala.actors.Reactor$class.resumeReceiver(Reactor.scala:130)
	at org.scalaide.worksheet.runtime.WorksheetRunner.scala$actors$InternalReplyReactor$$super$resumeReceiver(WorksheetRunner.scala:33)
	at scala.actors.InternalReplyReactor$class.resumeReceiver(InternalReplyReactor.scala:60)
	at org.scalaide.worksheet.runtime.WorksheetRunner.resumeReceiver(WorksheetRunner.scala:33)
	at scala.actors.InternalActor$class.searchMailbox(InternalActor.scala:76)
	at org.scalaide.worksheet.runtime.WorksheetRunner.searchMailbox(WorksheetRunner.scala:33)
	at scala.actors.Reactor$$anonfun$startSearch$1$$anonfun$apply$mcV$sp$1.apply$mcV$sp(Reactor.scala:118)
	at scala.actors.Reactor$$anonfun$startSearch$1$$anonfun$apply$mcV$sp$1.apply(Reactor.scala:115)
	at scala.actors.Reactor$$anonfun$startSearch$1$$anonfun$apply$mcV$sp$1.apply(Reactor.scala:115)
	at scala.actors.ReactorTask.run(ReactorTask.scala:33)
	at scala.actors.ReactorTask.compute(ReactorTask.scala:63)
	at scala.concurrent.forkjoin.RecursiveAction.exec(RecursiveAction.java:160)
	at scala.concurrent.forkjoin.ForkJoinTask.doExec(ForkJoinTask.java:260)
	at scala.concurrent.forkjoin.ForkJoinPool$WorkQueue.runTask(ForkJoinPool.java:1339)
	at scala.concurrent.forkjoin.ForkJoinPool.runWorker(ForkJoinPool.java:1979)
	at scala.concurrent.forkjoin.ForkJoinWorkerThread.run(ForkJoinWorkerThread.java:107)
2014-09-18 16:00:07,398 ERROR [Worker-5] - System.err - SLF4J: Failed to load class "org.slf4j.impl.StaticLoggerBinder".
2014-09-18 16:00:07,408 ERROR [Worker-5] - System.err - SLF4J: Defaulting to no-operation (NOP) logger implementation
2014-09-18 16:00:07,408 ERROR [Worker-5] - System.err - SLF4J: See http://www.slf4j.org/codes.html#StaticLoggerBinder for further details.
2014-09-18 16:01:56,586 ERROR [main] - org.scala-ide.sdt.core - org.scala-ide.sdt.core - org.scala-ide.sdt.core - 0 - Error during instrumentation of ScriptCompilationUnit(L/Scala/src/com/scala/helloworld/test.sc)
org.scalaide.worksheet.runtime.MissingTopLevelObjectDeclaration: Couldn't find top level object declaration in source test.sc
	at org.scalaide.worksheet.runtime.SourceInstrumenter.instrumentProgram(SourceInstrumenter.scala:33)
	at org.scalaide.worksheet.runtime.SourceInstrumenter.instrument(SourceInstrumenter.scala:20)
	at org.scalaide.worksheet.runtime.WorksheetRunner$$anonfun$act$1$$anonfun$apply$1.applyOrElse(WorksheetRunner.scala:58)
	at scala.runtime.AbstractPartialFunction.apply(AbstractPartialFunction.scala:36)
	at scala.actors.ReactorTask.run(ReactorTask.scala:31)
	at scala.actors.ReactorTask.compute(ReactorTask.scala:63)
	at scala.concurrent.forkjoin.RecursiveAction.exec(RecursiveAction.java:160)
	at scala.concurrent.forkjoin.ForkJoinTask.doExec(ForkJoinTask.java:260)
	at scala.concurrent.forkjoin.ForkJoinPool$WorkQueue.runTask(ForkJoinPool.java:1339)
	at scala.concurrent.forkjoin.ForkJoinPool.runWorker(ForkJoinPool.java:1979)
	at scala.concurrent.forkjoin.ForkJoinWorkerThread.run(ForkJoinWorkerThread.java:107)
2014-09-18 16:04:33,503 ERROR [Worker-4] - System.err - SLF4J: Failed to load class "org.slf4j.impl.StaticLoggerBinder".
2014-09-18 16:04:33,504 ERROR [Worker-4] - System.err - SLF4J: Defaulting to no-operation (NOP) logger implementation
2014-09-18 16:04:33,504 ERROR [Worker-4] - System.err - SLF4J: See http://www.slf4j.org/codes.html#StaticLoggerBinder for further details.
2014-09-18 16:08:52,308 ERROR [Worker-2] - System.err - SLF4J: Failed to load class "org.slf4j.impl.StaticLoggerBinder".
2014-09-18 16:08:52,309 ERROR [Worker-2] - System.err - SLF4J: Defaulting to no-operation (NOP) logger implementation
2014-09-18 16:08:52,309 ERROR [Worker-2] - System.err - SLF4J: See http://www.slf4j.org/codes.html#StaticLoggerBinder for further details.
2014-09-18 16:10:36,778 ERROR [Worker-0] - System.err - SLF4J: Failed to load class "org.slf4j.impl.StaticLoggerBinder".
2014-09-18 16:10:36,779 ERROR [Worker-0] - System.err - SLF4J: Defaulting to no-operation (NOP) logger implementation
2014-09-18 16:10:36,779 ERROR [Worker-0] - System.err - SLF4J: See http://www.slf4j.org/codes.html#StaticLoggerBinder for further details.
2014-09-18 16:10:54,979 ERROR [main] - org.scala-ide.sdt.core - org.scala-ide.sdt.core - org.scala-ide.sdt.core - 0 - Error during instrumentation of ScriptCompilationUnit(L/Scala/src/com/scala/helloworld/test.sc)
org.scalaide.worksheet.runtime.MissingTopLevelObjectDeclaration: Couldn't find top level object declaration in source test.sc
	at org.scalaide.worksheet.runtime.SourceInstrumenter.instrumentProgram(SourceInstrumenter.scala:33)
	at org.scalaide.worksheet.runtime.SourceInstrumenter.instrument(SourceInstrumenter.scala:20)
	at org.scalaide.worksheet.runtime.WorksheetRunner$$anonfun$act$1$$anonfun$apply$1.applyOrElse(WorksheetRunner.scala:58)
	at scala.runtime.AbstractPartialFunction.apply(AbstractPartialFunction.scala:36)
	at scala.actors.ReactorTask.run(ReactorTask.scala:31)
	at scala.actors.ReactorTask.compute(ReactorTask.scala:63)
	at scala.concurrent.forkjoin.RecursiveAction.exec(RecursiveAction.java:160)
	at scala.concurrent.forkjoin.ForkJoinTask.doExec(ForkJoinTask.java:260)
	at scala.concurrent.forkjoin.ForkJoinPool$WorkQueue.runTask(ForkJoinPool.java:1339)
	at scala.concurrent.forkjoin.ForkJoinPool.runWorker(ForkJoinPool.java:1979)
	at scala.concurrent.forkjoin.ForkJoinWorkerThread.run(ForkJoinWorkerThread.java:107)
